This file contains any messages produced by compilers while
running configure, to aid debugging if configure makes a mistake.

It was created by mjpegtools configure 2.2.1, which was
generated by GNU Autoconf 2.69.  Invocation command line was

  $ ./configure 

## --------- ##
## Platform. ##
## --------- ##

hostname = haiyue-MS-7B98
uname -m = x86_64
uname -r = 5.4.0-122-generic
uname -s = Linux
uname -v = #138~18.04.1-Ubuntu SMP Fri Jun 24 14:14:03 UTC 2022

/usr/bin/uname -p = unknown
/bin/uname -X     = unknown

/bin/arch              = unknown
/usr/bin/arch -k       = unknown
/usr/convex/getsysinfo = unknown
/usr/bin/hostinfo      = unknown
/bin/machine           = unknown
/usr/bin/oslevel       = unknown
/bin/universe          = unknown

PATH: /home/haiyue/.local/bin
PATH: /opt/intel/oneapi/vtune/2022.3.0/bin64
PATH: /usr/local/sbin
PATH: /usr/local/bin
PATH: /usr/sbin
PATH: /usr/bin
PATH: /sbin
PATH: /bin
PATH: /usr/games
PATH: /usr/local/games
PATH: /snap/bin


## ----------- ##
## Core tests. ##
## ----------- ##

configure:2539: checking build system type
configure:2553: result: x86_64-pc-linux-gnu
configure:2573: checking host system type
configure:2586: result: x86_64-pc-linux-gnu
configure:2622: checking for a BSD-compatible install
configure:2690: result: /usr/bin/install -c
configure:2701: checking whether build environment is sane
configure:2756: result: yes
configure:2907: checking for a thread-safe mkdir -p
configure:2946: result: /bin/mkdir -p
configure:2953: checking for gawk
configure:2969: found /usr/bin/gawk
configure:2980: result: gawk
configure:2991: checking whether make sets $(MAKE)
configure:3013: result: yes
configure:3042: checking whether make supports nested variables
configure:3059: result: yes
configure:3186: checking whether to enable maintainer-specific portions of Makefiles
configure:3195: result: no
configure:3316: checking for style of include used by make
configure:3344: result: GNU
configure:3415: checking for gcc
configure:3431: found /usr/bin/gcc
configure:3442: result: gcc
configure:3671: checking for C compiler version
configure:3680: gcc --version >&5
gcc (Ubuntu 7.5.0-3ubuntu1~18.04) 7.5.0
Copyright (C) 2017 Free Software Foundation, Inc.
This is free software; see the source for copying conditions.  There is NO
warranty; not even for MERCHANTABILITY or FITNESS FOR A PARTICULAR PURPOSE.

configure:3691: $? = 0
configure:3680: gcc -v >&5
Using built-in specs.
COLLECT_GCC=gcc
COLLECT_LTO_WRAPPER=/usr/lib/gcc/x86_64-linux-gnu/7/lto-wrapper
OFFLOAD_TARGET_NAMES=nvptx-none
OFFLOAD_TARGET_DEFAULT=1
Target: x86_64-linux-gnu
Configured with: ../src/configure -v --with-pkgversion='Ubuntu 7.5.0-3ubuntu1~18.04' --with-bugurl=file:///usr/share/doc/gcc-7/README.Bugs --enable-languages=c,ada,c++,go,brig,d,fortran,objc,obj-c++ --prefix=/usr --with-gcc-major-version-only --program-suffix=-7 --program-prefix=x86_64-linux-gnu- --enable-shared --enable-linker-build-id --libexecdir=/usr/lib --without-included-gettext --enable-threads=posix --libdir=/usr/lib --enable-nls --enable-bootstrap --enable-clocale=gnu --enable-libstdcxx-debug --enable-libstdcxx-time=yes --with-default-libstdcxx-abi=new --enable-gnu-unique-object --disable-vtable-verify --enable-libmpx --enable-plugin --enable-default-pie --with-system-zlib --with-target-system-zlib --enable-objc-gc=auto --enable-multiarch --disable-werror --with-arch-32=i686 --with-abi=m64 --with-multilib-list=m32,m64,mx32 --enable-multilib --with-tune=generic --enable-offload-targets=nvptx-none --without-cuda-driver --enable-checking=release --build=x86_64-linux-gnu --host=x86_64-linux-gnu --target=x86_64-linux-gnu
Thread model: posix
gcc version 7.5.0 (Ubuntu 7.5.0-3ubuntu1~18.04) 
configure:3691: $? = 0
configure:3680: gcc -V >&5
gcc: error: unrecognized command line option '-V'
gcc: fatal error: no input files
compilation terminated.
configure:3691: $? = 1
configure:3680: gcc -qversion >&5
gcc: error: unrecognized command line option '-qversion'; did you mean '--version'?
gcc: fatal error: no input files
compilation terminated.
configure:3691: $? = 1
configure:3711: checking whether the C compiler works
configure:3733: gcc    conftest.c  >&5
configure:3737: $? = 0
configure:3785: result: yes
configure:3788: checking for C compiler default output file name
configure:3790: result: a.out
configure:3796: checking for suffix of executables
configure:3803: gcc -o conftest    conftest.c  >&5
configure:3807: $? = 0
configure:3829: result: 
configure:3851: checking whether we are cross compiling
configure:3859: gcc -o conftest    conftest.c  >&5
configure:3863: $? = 0
configure:3870: ./conftest
configure:3874: $? = 0
configure:3889: result: no
configure:3894: checking for suffix of object files
configure:3916: gcc -c   conftest.c >&5
configure:3920: $? = 0
configure:3941: result: o
configure:3945: checking whether we are using the GNU C compiler
configure:3964: gcc -c   conftest.c >&5
configure:3964: $? = 0
configure:3973: result: yes
configure:3982: checking whether gcc accepts -g
configure:4002: gcc -c -g  conftest.c >&5
configure:4002: $? = 0
configure:4043: result: yes
configure:4060: checking for gcc option to accept ISO C89
configure:4123: gcc  -c -g -O2  conftest.c >&5
configure:4123: $? = 0
configure:4136: result: none needed
configure:4161: checking whether gcc understands -c and -o together
configure:4183: gcc -c conftest.c -o conftest2.o
configure:4186: $? = 0
configure:4183: gcc -c conftest.c -o conftest2.o
configure:4186: $? = 0
configure:4198: result: yes
configure:4217: checking dependency style of gcc
configure:4328: result: gcc3
configure:4349: checking how to run the C preprocessor
configure:4380: gcc -E  conftest.c
configure:4380: $? = 0
configure:4394: gcc -E  conftest.c
conftest.c:11:10: fatal error: ac_nonexistent.h: No such file or directory
 #include <ac_nonexistent.h>
          ^~~~~~~~~~~~~~~~~~
compilation terminated.
configure:4394: $? = 1
configure: failed program was:
| /* confdefs.h */
| #define PACKAGE_NAME "mjpegtools"
| #define PACKAGE_TARNAME "mjpegtools"
| #define PACKAGE_VERSION "2.2.1"
| #define PACKAGE_STRING "mjpegtools 2.2.1"
| #define PACKAGE_BUGREPORT "mjpeg-developer@lists.sourceforge.net"
| #define PACKAGE_URL ""
| #define PACKAGE "mjpegtools"
| #define VERSION "2.2.1"
| /* end confdefs.h.  */
| #include <ac_nonexistent.h>
configure:4419: result: gcc -E
configure:4439: gcc -E  conftest.c
configure:4439: $? = 0
configure:4453: gcc -E  conftest.c
conftest.c:11:10: fatal error: ac_nonexistent.h: No such file or directory
 #include <ac_nonexistent.h>
          ^~~~~~~~~~~~~~~~~~
compilation terminated.
configure:4453: $? = 1
configure: failed program was:
| /* confdefs.h */
| #define PACKAGE_NAME "mjpegtools"
| #define PACKAGE_TARNAME "mjpegtools"
| #define PACKAGE_VERSION "2.2.1"
| #define PACKAGE_STRING "mjpegtools 2.2.1"
| #define PACKAGE_BUGREPORT "mjpeg-developer@lists.sourceforge.net"
| #define PACKAGE_URL ""
| #define PACKAGE "mjpegtools"
| #define VERSION "2.2.1"
| /* end confdefs.h.  */
| #include <ac_nonexistent.h>
configure:4482: checking for grep that handles long lines and -e
configure:4540: result: /bin/grep
configure:4545: checking for egrep
configure:4607: result: /bin/grep -E
configure:4612: checking for ANSI C header files
configure:4632: gcc -c -g -O2  conftest.c >&5
configure:4632: $? = 0
configure:4705: gcc -o conftest -g -O2   conftest.c  >&5
configure:4705: $? = 0
configure:4705: ./conftest
configure:4705: $? = 0
configure:4716: result: yes
configure:4729: checking for sys/types.h
configure:4729: gcc -c -g -O2  conftest.c >&5
configure:4729: $? = 0
configure:4729: result: yes
configure:4729: checking for sys/stat.h
configure:4729: gcc -c -g -O2  conftest.c >&5
configure:4729: $? = 0
configure:4729: result: yes
configure:4729: checking for stdlib.h
configure:4729: gcc -c -g -O2  conftest.c >&5
configure:4729: $? = 0
configure:4729: result: yes
configure:4729: checking for string.h
configure:4729: gcc -c -g -O2  conftest.c >&5
configure:4729: $? = 0
configure:4729: result: yes
configure:4729: checking for memory.h
configure:4729: gcc -c -g -O2  conftest.c >&5
configure:4729: $? = 0
configure:4729: result: yes
configure:4729: checking for strings.h
configure:4729: gcc -c -g -O2  conftest.c >&5
configure:4729: $? = 0
configure:4729: result: yes
configure:4729: checking for inttypes.h
configure:4729: gcc -c -g -O2  conftest.c >&5
configure:4729: $? = 0
configure:4729: result: yes
configure:4729: checking for stdint.h
configure:4729: gcc -c -g -O2  conftest.c >&5
configure:4729: $? = 0
configure:4729: result: yes
configure:4729: checking for unistd.h
configure:4729: gcc -c -g -O2  conftest.c >&5
configure:4729: $? = 0
configure:4729: result: yes
configure:4742: checking minix/config.h usability
configure:4742: gcc -c -g -O2  conftest.c >&5
conftest.c:54:10: fatal error: minix/config.h: No such file or directory
 #include <minix/config.h>
          ^~~~~~~~~~~~~~~~
compilation terminated.
configure:4742: $? = 1
configure: failed program was:
| /* confdefs.h */
| #define PACKAGE_NAME "mjpegtools"
| #define PACKAGE_TARNAME "mjpegtools"
| #define PACKAGE_VERSION "2.2.1"
| #define PACKAGE_STRING "mjpegtools 2.2.1"
| #define PACKAGE_BUGREPORT "mjpeg-developer@lists.sourceforge.net"
| #define PACKAGE_URL ""
| #define PACKAGE "mjpegtools"
| #define VERSION "2.2.1"
| #define STDC_HEADERS 1
| #define HAVE_SYS_TYPES_H 1
| #define HAVE_SYS_STAT_H 1
| #define HAVE_STDLIB_H 1
| #define HAVE_STRING_H 1
| #define HAVE_MEMORY_H 1
| #define HAVE_STRINGS_H 1
| #define HAVE_INTTYPES_H 1
| #define HAVE_STDINT_H 1
| #define HAVE_UNISTD_H 1
| /* end confdefs.h.  */
| #include <stdio.h>
| #ifdef HAVE_SYS_TYPES_H
| # include <sys/types.h>
| #endif
| #ifdef HAVE_SYS_STAT_H
| # include <sys/stat.h>
| #endif
| #ifdef STDC_HEADERS
| # include <stdlib.h>
| # include <stddef.h>
| #else
| # ifdef HAVE_STDLIB_H
| #  include <stdlib.h>
| # endif
| #endif
| #ifdef HAVE_STRING_H
| # if !defined STDC_HEADERS && defined HAVE_MEMORY_H
| #  include <memory.h>
| # endif
| # include <string.h>
| #endif
| #ifdef HAVE_STRINGS_H
| # include <strings.h>
| #endif
| #ifdef HAVE_INTTYPES_H
| # include <inttypes.h>
| #endif
| #ifdef HAVE_STDINT_H
| # include <stdint.h>
| #endif
| #ifdef HAVE_UNISTD_H
| # include <unistd.h>
| #endif
| #include <minix/config.h>
configure:4742: result: no
configure:4742: checking minix/config.h presence
configure:4742: gcc -E  conftest.c
conftest.c:21:10: fatal error: minix/config.h: No such file or directory
 #include <minix/config.h>
          ^~~~~~~~~~~~~~~~
compilation terminated.
configure:4742: $? = 1
configure: failed program was:
| /* confdefs.h */
| #define PACKAGE_NAME "mjpegtools"
| #define PACKAGE_TARNAME "mjpegtools"
| #define PACKAGE_VERSION "2.2.1"
| #define PACKAGE_STRING "mjpegtools 2.2.1"
| #define PACKAGE_BUGREPORT "mjpeg-developer@lists.sourceforge.net"
| #define PACKAGE_URL ""
| #define PACKAGE "mjpegtools"
| #define VERSION "2.2.1"
| #define STDC_HEADERS 1
| #define HAVE_SYS_TYPES_H 1
| #define HAVE_SYS_STAT_H 1
| #define HAVE_STDLIB_H 1
| #define HAVE_STRING_H 1
| #define HAVE_MEMORY_H 1
| #define HAVE_STRINGS_H 1
| #define HAVE_INTTYPES_H 1
| #define HAVE_STDINT_H 1
| #define HAVE_UNISTD_H 1
| /* end confdefs.h.  */
| #include <minix/config.h>
configure:4742: result: no
configure:4742: checking for minix/config.h
configure:4742: result: no
configure:4763: checking whether it is safe to define __EXTENSIONS__
configure:4781: gcc -c -g -O2  conftest.c >&5
configure:4781: $? = 0
configure:4788: result: yes
configure:4850: checking how to print strings
configure:4877: result: printf
configure:4898: checking for a sed that does not truncate output
configure:4962: result: /bin/sed
configure:4980: checking for fgrep
configure:5042: result: /bin/grep -F
configure:5077: checking for ld used by gcc
configure:5144: result: /usr/bin/ld
configure:5151: checking if the linker (/usr/bin/ld) is GNU ld
configure:5166: result: yes
configure:5178: checking for BSD- or MS-compatible name lister (nm)
configure:5232: result: /usr/bin/nm -B
configure:5362: checking the name lister (/usr/bin/nm -B) interface
configure:5369: gcc -c -g -O2  conftest.c >&5
configure:5372: /usr/bin/nm -B "conftest.o"
configure:5375: output
0000000000000000 B some_variable
configure:5382: result: BSD nm
configure:5385: checking whether ln -s works
configure:5389: result: yes
configure:5397: checking the maximum length of command line arguments
configure:5528: result: 1572864
configure:5576: checking how to convert x86_64-pc-linux-gnu file names to x86_64-pc-linux-gnu format
configure:5616: result: func_convert_file_noop
configure:5623: checking how to convert x86_64-pc-linux-gnu file names to toolchain format
configure:5643: result: func_convert_file_noop
configure:5650: checking for /usr/bin/ld option to reload object files
configure:5657: result: -r
configure:5731: checking for objdump
configure:5747: found /usr/bin/objdump
configure:5758: result: objdump
configure:5790: checking how to recognize dependent libraries
configure:5990: result: pass_all
configure:6075: checking for dlltool
configure:6105: result: no
configure:6135: checking how to associate runtime and link libraries
configure:6162: result: printf %s\n
configure:6222: checking for ar
configure:6238: found /usr/bin/ar
configure:6249: result: ar
configure:6286: checking for archiver @FILE support
configure:6303: gcc -c -g -O2  conftest.c >&5
configure:6303: $? = 0
configure:6306: ar cru libconftest.a @conftest.lst >&5
ar: `u' modifier ignored since `D' is the default (see `U')
configure:6309: $? = 0
configure:6314: ar cru libconftest.a @conftest.lst >&5
ar: `u' modifier ignored since `D' is the default (see `U')
ar: conftest.o: No such file or directory
configure:6317: $? = 1
configure:6329: result: @
configure:6387: checking for strip
configure:6403: found /usr/bin/strip
configure:6414: result: strip
configure:6486: checking for ranlib
configure:6502: found /usr/bin/ranlib
configure:6513: result: ranlib
configure:6615: checking command to parse /usr/bin/nm -B output from gcc object
configure:6768: gcc -c -g -O2  conftest.c >&5
configure:6771: $? = 0
configure:6775: /usr/bin/nm -B conftest.o \| sed -n -e 's/^.*[ ]\([ABCDGIRSTW][ABCDGIRSTW]*\)[ ][ ]*\([_A-Za-z][_A-Za-z0-9]*\)$/\1 \2 \2/p' | sed '/ __gnu_lto/d' \> conftest.nm
configure:6778: $? = 0
configure:6844: gcc -o conftest -g -O2   conftest.c conftstm.o >&5
configure:6847: $? = 0
configure:6885: result: ok
configure:6932: checking for sysroot
configure:6962: result: no
configure:6969: checking for a working dd
configure:7007: result: /bin/dd
configure:7011: checking how to truncate binary pipes
configure:7026: result: /bin/dd bs=4096 count=1
configure:7162: gcc -c -g -O2  conftest.c >&5
configure:7165: $? = 0
configure:7355: checking for mt
configure:7371: found /bin/mt
configure:7382: result: mt
configure:7405: checking if mt is a manifest tool
configure:7411: mt '-?'
configure:7419: result: no
configure:8093: checking for dlfcn.h
configure:8093: gcc -c -g -O2  conftest.c >&5
configure:8093: $? = 0
configure:8093: result: yes
configure:8349: checking for objdir
configure:8364: result: .libs
configure:8624: checking if gcc supports -fno-rtti -fno-exceptions
configure:8642: gcc -c -g -O2  -fno-rtti -fno-exceptions conftest.c >&5
cc1: warning: command line option '-fno-rtti' is valid for C++/ObjC++ but not for C
configure:8646: $? = 0
configure:8659: result: no
configure:9017: checking for gcc option to produce PIC
configure:9024: result: -fPIC -DPIC
configure:9032: checking if gcc PIC flag -fPIC -DPIC works
configure:9050: gcc -c -g -O2  -fPIC -DPIC -DPIC conftest.c >&5
configure:9054: $? = 0
configure:9067: result: yes
configure:9096: checking if gcc static flag -static works
configure:9124: result: yes
configure:9139: checking if gcc supports -c -o file.o
configure:9160: gcc -c -g -O2  -o out/conftest2.o conftest.c >&5
configure:9164: $? = 0
configure:9186: result: yes
configure:9194: checking if gcc supports -c -o file.o
configure:9241: result: yes
configure:9274: checking whether the gcc linker (/usr/bin/ld -m elf_x86_64) supports shared libraries
configure:10533: result: yes
configure:10570: checking whether -lc should be explicitly linked in
configure:10578: gcc -c -g -O2  conftest.c >&5
configure:10581: $? = 0
configure:10596: gcc -shared  -fPIC -DPIC conftest.o  -v -Wl,-soname -Wl,conftest -o conftest 2\>\&1 \| /bin/grep  -lc  \>/dev/null 2\>\&1
configure:10599: $? = 0
configure:10613: result: no
configure:10773: checking dynamic linker characteristics
configure:11354: gcc -o conftest -g -O2   -Wl,-rpath -Wl,/foo conftest.c  >&5
configure:11354: $? = 0
configure:11591: result: GNU/Linux ld.so
configure:11713: checking how to hardcode library paths into programs
configure:11738: result: immediate
configure:12286: checking whether stripping libraries is possible
configure:12291: result: yes
configure:12326: checking if libtool supports shared libraries
configure:12328: result: yes
configure:12331: checking whether to build shared libraries
configure:12356: result: yes
configure:12359: checking whether to build static libraries
configure:12363: result: yes
configure:12405: checking for gawk
configure:12432: result: gawk
configure:12491: checking for gcc
configure:12518: result: gcc
configure:12747: checking for C compiler version
configure:12756: gcc --version >&5
gcc (Ubuntu 7.5.0-3ubuntu1~18.04) 7.5.0
Copyright (C) 2017 Free Software Foundation, Inc.
This is free software; see the source for copying conditions.  There is NO
warranty; not even for MERCHANTABILITY or FITNESS FOR A PARTICULAR PURPOSE.

configure:12767: $? = 0
configure:12756: gcc -v >&5
Using built-in specs.
COLLECT_GCC=gcc
COLLECT_LTO_WRAPPER=/usr/lib/gcc/x86_64-linux-gnu/7/lto-wrapper
OFFLOAD_TARGET_NAMES=nvptx-none
OFFLOAD_TARGET_DEFAULT=1
Target: x86_64-linux-gnu
Configured with: ../src/configure -v --with-pkgversion='Ubuntu 7.5.0-3ubuntu1~18.04' --with-bugurl=file:///usr/share/doc/gcc-7/README.Bugs --enable-languages=c,ada,c++,go,brig,d,fortran,objc,obj-c++ --prefix=/usr --with-gcc-major-version-only --program-suffix=-7 --program-prefix=x86_64-linux-gnu- --enable-shared --enable-linker-build-id --libexecdir=/usr/lib --without-included-gettext --enable-threads=posix --libdir=/usr/lib --enable-nls --enable-bootstrap --enable-clocale=gnu --enable-libstdcxx-debug --enable-libstdcxx-time=yes --with-default-libstdcxx-abi=new --enable-gnu-unique-object --disable-vtable-verify --enable-libmpx --enable-plugin --enable-default-pie --with-system-zlib --with-target-system-zlib --enable-objc-gc=auto --enable-multiarch --disable-werror --with-arch-32=i686 --with-abi=m64 --with-multilib-list=m32,m64,mx32 --enable-multilib --with-tune=generic --enable-offload-targets=nvptx-none --without-cuda-driver --enable-checking=release --build=x86_64-linux-gnu --host=x86_64-linux-gnu --target=x86_64-linux-gnu
Thread model: posix
gcc version 7.5.0 (Ubuntu 7.5.0-3ubuntu1~18.04) 
configure:12767: $? = 0
configure:12756: gcc -V >&5
gcc: error: unrecognized command line option '-V'
gcc: fatal error: no input files
compilation terminated.
configure:12767: $? = 1
configure:12756: gcc -qversion >&5
gcc: error: unrecognized command line option '-qversion'; did you mean '--version'?
gcc: fatal error: no input files
compilation terminated.
configure:12767: $? = 1
configure:12771: checking whether we are using the GNU C compiler
configure:12799: result: yes
configure:12808: checking whether gcc accepts -g
configure:12869: result: yes
configure:12886: checking for gcc option to accept ISO C89
configure:12962: result: none needed
configure:12987: checking whether gcc understands -c and -o together
configure:13024: result: yes
configure:13043: checking dependency style of gcc
configure:13154: result: gcc3
configure:13232: checking for g++
configure:13248: found /usr/bin/g++
configure:13259: result: g++
configure:13286: checking for C++ compiler version
configure:13295: g++ --version >&5
g++ (Ubuntu 7.5.0-3ubuntu1~18.04) 7.5.0
Copyright (C) 2017 Free Software Foundation, Inc.
This is free software; see the source for copying conditions.  There is NO
warranty; not even for MERCHANTABILITY or FITNESS FOR A PARTICULAR PURPOSE.

configure:13306: $? = 0
configure:13295: g++ -v >&5
Using built-in specs.
COLLECT_GCC=g++
COLLECT_LTO_WRAPPER=/usr/lib/gcc/x86_64-linux-gnu/7/lto-wrapper
OFFLOAD_TARGET_NAMES=nvptx-none
OFFLOAD_TARGET_DEFAULT=1
Target: x86_64-linux-gnu
Configured with: ../src/configure -v --with-pkgversion='Ubuntu 7.5.0-3ubuntu1~18.04' --with-bugurl=file:///usr/share/doc/gcc-7/README.Bugs --enable-languages=c,ada,c++,go,brig,d,fortran,objc,obj-c++ --prefix=/usr --with-gcc-major-version-only --program-suffix=-7 --program-prefix=x86_64-linux-gnu- --enable-shared --enable-linker-build-id --libexecdir=/usr/lib --without-included-gettext --enable-threads=posix --libdir=/usr/lib --enable-nls --enable-bootstrap --enable-clocale=gnu --enable-libstdcxx-debug --enable-libstdcxx-time=yes --with-default-libstdcxx-abi=new --enable-gnu-unique-object --disable-vtable-verify --enable-libmpx --enable-plugin --enable-default-pie --with-system-zlib --with-target-system-zlib --enable-objc-gc=auto --enable-multiarch --disable-werror --with-arch-32=i686 --with-abi=m64 --with-multilib-list=m32,m64,mx32 --enable-multilib --with-tune=generic --enable-offload-targets=nvptx-none --without-cuda-driver --enable-checking=release --build=x86_64-linux-gnu --host=x86_64-linux-gnu --target=x86_64-linux-gnu
Thread model: posix
gcc version 7.5.0 (Ubuntu 7.5.0-3ubuntu1~18.04) 
configure:13306: $? = 0
configure:13295: g++ -V >&5
g++: error: unrecognized command line option '-V'
g++: fatal error: no input files
compilation terminated.
configure:13306: $? = 1
configure:13295: g++ -qversion >&5
g++: error: unrecognized command line option '-qversion'; did you mean '--version'?
g++: fatal error: no input files
compilation terminated.
configure:13306: $? = 1
configure:13310: checking whether we are using the GNU C++ compiler
configure:13329: g++ -c   conftest.cpp >&5
configure:13329: $? = 0
configure:13338: result: yes
configure:13347: checking whether g++ accepts -g
configure:13367: g++ -c -g  conftest.cpp >&5
configure:13367: $? = 0
configure:13408: result: yes
configure:13433: checking dependency style of g++
configure:13544: result: gcc3
configure:13577: checking how to run the C++ preprocessor
configure:13604: g++ -E  conftest.cpp
configure:13604: $? = 0
configure:13618: g++ -E  conftest.cpp
conftest.cpp:28:10: fatal error: ac_nonexistent.h: No such file or directory
 #include <ac_nonexistent.h>
          ^~~~~~~~~~~~~~~~~~
compilation terminated.
configure:13618: $? = 1
configure: failed program was:
| /* confdefs.h */
| #define PACKAGE_NAME "mjpegtools"
| #define PACKAGE_TARNAME "mjpegtools"
| #define PACKAGE_VERSION "2.2.1"
| #define PACKAGE_STRING "mjpegtools 2.2.1"
| #define PACKAGE_BUGREPORT "mjpeg-developer@lists.sourceforge.net"
| #define PACKAGE_URL ""
| #define PACKAGE "mjpegtools"
| #define VERSION "2.2.1"
| #define STDC_HEADERS 1
| #define HAVE_SYS_TYPES_H 1
| #define HAVE_SYS_STAT_H 1
| #define HAVE_STDLIB_H 1
| #define HAVE_STRING_H 1
| #define HAVE_MEMORY_H 1
| #define HAVE_STRINGS_H 1
| #define HAVE_INTTYPES_H 1
| #define HAVE_STDINT_H 1
| #define HAVE_UNISTD_H 1
| #define __EXTENSIONS__ 1
| #define _ALL_SOURCE 1
| #define _GNU_SOURCE 1
| #define _POSIX_PTHREAD_SEMANTICS 1
| #define _TANDEM_SOURCE 1
| #define HAVE_DLFCN_H 1
| #define LT_OBJDIR ".libs/"
| /* end confdefs.h.  */
| #include <ac_nonexistent.h>
configure:13643: result: g++ -E
configure:13663: g++ -E  conftest.cpp
configure:13663: $? = 0
configure:13677: g++ -E  conftest.cpp
conftest.cpp:28:10: fatal error: ac_nonexistent.h: No such file or directory
 #include <ac_nonexistent.h>
          ^~~~~~~~~~~~~~~~~~
compilation terminated.
configure:13677: $? = 1
configure: failed program was:
| /* confdefs.h */
| #define PACKAGE_NAME "mjpegtools"
| #define PACKAGE_TARNAME "mjpegtools"
| #define PACKAGE_VERSION "2.2.1"
| #define PACKAGE_STRING "mjpegtools 2.2.1"
| #define PACKAGE_BUGREPORT "mjpeg-developer@lists.sourceforge.net"
| #define PACKAGE_URL ""
| #define PACKAGE "mjpegtools"
| #define VERSION "2.2.1"
| #define STDC_HEADERS 1
| #define HAVE_SYS_TYPES_H 1
| #define HAVE_SYS_STAT_H 1
| #define HAVE_STDLIB_H 1
| #define HAVE_STRING_H 1
| #define HAVE_MEMORY_H 1
| #define HAVE_STRINGS_H 1
| #define HAVE_INTTYPES_H 1
| #define HAVE_STDINT_H 1
| #define HAVE_UNISTD_H 1
| #define __EXTENSIONS__ 1
| #define _ALL_SOURCE 1
| #define _GNU_SOURCE 1
| #define _POSIX_PTHREAD_SEMANTICS 1
| #define _TANDEM_SOURCE 1
| #define HAVE_DLFCN_H 1
| #define LT_OBJDIR ".libs/"
| /* end confdefs.h.  */
| #include <ac_nonexistent.h>
configure:13839: checking for ld used by g++
configure:13906: result: /usr/bin/ld -m elf_x86_64
configure:13913: checking if the linker (/usr/bin/ld -m elf_x86_64) is GNU ld
configure:13928: result: yes
configure:13983: checking whether the g++ linker (/usr/bin/ld -m elf_x86_64) supports shared libraries
configure:15056: result: yes
configure:15092: g++ -c -g -O2  conftest.cpp >&5
configure:15095: $? = 0
configure:15576: checking for g++ option to produce PIC
configure:15583: result: -fPIC -DPIC
configure:15591: checking if g++ PIC flag -fPIC -DPIC works
configure:15609: g++ -c -g -O2  -fPIC -DPIC -DPIC conftest.cpp >&5
configure:15613: $? = 0
configure:15626: result: yes
configure:15649: checking if g++ static flag -static works
configure:15677: result: yes
configure:15689: checking if g++ supports -c -o file.o
configure:15710: g++ -c -g -O2  -o out/conftest2.o conftest.cpp >&5
configure:15714: $? = 0
configure:15736: result: yes
configure:15741: checking if g++ supports -c -o file.o
configure:15788: result: yes
configure:15818: checking whether the g++ linker (/usr/bin/ld -m elf_x86_64) supports shared libraries
configure:15858: result: yes
configure:15999: checking dynamic linker characteristics
configure:16744: result: GNU/Linux ld.so
configure:16809: checking how to hardcode library paths into programs
configure:16834: result: immediate
configure:16875: checking whether ln -s works
configure:16879: result: yes
configure:16886: checking whether byte ordering is bigendian
configure:16901: gcc -c -g -O2  conftest.c >&5
conftest.c:29:9: error: unknown type name 'not'
         not a universal capable compiler
         ^~~
conftest.c:29:15: error: expected '=', ',', ';', 'asm' or '__attribute__' before 'universal'
         not a universal capable compiler
               ^~~~~~~~~
conftest.c:29:15: error: unknown type name 'universal'
configure:16901: $? = 1
configure: failed program was:
| /* confdefs.h */
| #define PACKAGE_NAME "mjpegtools"
| #define PACKAGE_TARNAME "mjpegtools"
| #define PACKAGE_VERSION "2.2.1"
| #define PACKAGE_STRING "mjpegtools 2.2.1"
| #define PACKAGE_BUGREPORT "mjpeg-developer@lists.sourceforge.net"
| #define PACKAGE_URL ""
| #define PACKAGE "mjpegtools"
| #define VERSION "2.2.1"
| #define STDC_HEADERS 1
| #define HAVE_SYS_TYPES_H 1
| #define HAVE_SYS_STAT_H 1
| #define HAVE_STDLIB_H 1
| #define HAVE_STRING_H 1
| #define HAVE_MEMORY_H 1
| #define HAVE_STRINGS_H 1
| #define HAVE_INTTYPES_H 1
| #define HAVE_STDINT_H 1
| #define HAVE_UNISTD_H 1
| #define __EXTENSIONS__ 1
| #define _ALL_SOURCE 1
| #define _GNU_SOURCE 1
| #define _POSIX_PTHREAD_SEMANTICS 1
| #define _TANDEM_SOURCE 1
| #define HAVE_DLFCN_H 1
| #define LT_OBJDIR ".libs/"
| /* end confdefs.h.  */
| #ifndef __APPLE_CC__
| 	       not a universal capable compiler
| 	     #endif
| 	     typedef int dummy;
| 
configure:16946: gcc -c -g -O2  conftest.c >&5
configure:16946: $? = 0
configure:16964: gcc -c -g -O2  conftest.c >&5
conftest.c: In function 'main':
conftest.c:35:4: error: unknown type name 'not'; did you mean 'ino_t'?
    not big endian
    ^~~
    ino_t
conftest.c:35:12: error: expected '=', ',', ';', 'asm' or '__attribute__' before 'endian'
    not big endian
            ^~~~~~
configure:16964: $? = 1
configure: failed program was:
| /* confdefs.h */
| #define PACKAGE_NAME "mjpegtools"
| #define PACKAGE_TARNAME "mjpegtools"
| #define PACKAGE_VERSION "2.2.1"
| #define PACKAGE_STRING "mjpegtools 2.2.1"
| #define PACKAGE_BUGREPORT "mjpeg-developer@lists.sourceforge.net"
| #define PACKAGE_URL ""
| #define PACKAGE "mjpegtools"
| #define VERSION "2.2.1"
| #define STDC_HEADERS 1
| #define HAVE_SYS_TYPES_H 1
| #define HAVE_SYS_STAT_H 1
| #define HAVE_STDLIB_H 1
| #define HAVE_STRING_H 1
| #define HAVE_MEMORY_H 1
| #define HAVE_STRINGS_H 1
| #define HAVE_INTTYPES_H 1
| #define HAVE_STDINT_H 1
| #define HAVE_UNISTD_H 1
| #define __EXTENSIONS__ 1
| #define _ALL_SOURCE 1
| #define _GNU_SOURCE 1
| #define _POSIX_PTHREAD_SEMANTICS 1
| #define _TANDEM_SOURCE 1
| #define HAVE_DLFCN_H 1
| #define LT_OBJDIR ".libs/"
| /* end confdefs.h.  */
| #include <sys/types.h>
| 		#include <sys/param.h>
| 
| int
| main ()
| {
| #if BYTE_ORDER != BIG_ENDIAN
| 		 not big endian
| 		#endif
| 
|   ;
|   return 0;
| }
configure:17092: result: no
configure:17110: checking for an ANSI C-conforming const
configure:17176: gcc -c -g -O2  conftest.c >&5
configure:17176: $? = 0
configure:17183: result: yes
configure:17191: checking for inline
configure:17207: gcc -c -g -O2  conftest.c >&5
configure:17207: $? = 0
configure:17215: result: inline
configure:17240: checking for special C compiler options needed for large files
configure:17285: result: no
configure:17291: checking for _FILE_OFFSET_BITS value needed for large files
configure:17316: gcc -c -g -O2  conftest.c >&5
configure:17316: $? = 0
configure:17348: result: no
configure:17443: checking dependency style of gcc
configure:17552: result: gcc3
configure:17577: checking for stdint.h
configure:17577: result: yes
configure:17577: checking for inttypes.h
configure:17577: result: yes
configure:17577: checking for sys/types.h
configure:17577: result: yes
configure:17577: checking getopt.h usability
configure:17577: gcc -c -g -O2  conftest.c >&5
configure:17577: $? = 0
configure:17577: result: yes
configure:17577: checking getopt.h presence
configure:17577: gcc -E  conftest.c
configure:17577: $? = 0
configure:17577: result: yes
configure:17577: checking for getopt.h
configure:17577: result: yes
configure:17577: checking malloc.h usability
configure:17577: gcc -c -g -O2  conftest.c >&5
configure:17577: $? = 0
configure:17577: result: yes
configure:17577: checking malloc.h presence
configure:17577: gcc -E  conftest.c
configure:17577: $? = 0
configure:17577: result: yes
configure:17577: checking for malloc.h
configure:17577: result: yes
configure:17577: checking sys/soundcard.h usability
configure:17577: gcc -c -g -O2  conftest.c >&5
configure:17577: $? = 0
configure:17577: result: yes
configure:17577: checking sys/soundcard.h presence
configure:17577: gcc -E  conftest.c
configure:17577: $? = 0
configure:17577: result: yes
configure:17577: checking for sys/soundcard.h
configure:17577: result: yes
configure:17590: checking for sin in -lm
configure:17615: gcc -o conftest -g -O2   conftest.c -lm   >&5
conftest.c:41:6: warning: conflicting types for built-in function 'sin' [-Wbuiltin-declaration-mismatch]
 char sin ();
      ^~~
configure:17615: $? = 0
configure:17624: result: yes
configure:17638: checking for posix_memalign
configure:17638: gcc -o conftest -g -O2   conftest.c -lm  >&5
conftest.c:58:6: warning: conflicting types for built-in function 'posix_memalign' [-Wbuiltin-declaration-mismatch]
 char posix_memalign ();
      ^~~~~~~~~~~~~~
configure:17638: $? = 0
configure:17638: result: yes
configure:17638: checking for memalign
configure:17638: gcc -o conftest -g -O2   conftest.c -lm  >&5
configure:17638: $? = 0
configure:17638: result: yes
configure:17638: checking for fmax
configure:17638: gcc -o conftest -g -O2   conftest.c -lm  >&5
conftest.c:60:6: warning: conflicting types for built-in function 'fmax' [-Wbuiltin-declaration-mismatch]
 char fmax ();
      ^~~~
configure:17638: $? = 0
configure:17638: result: yes
configure:17638: checking for fmin
configure:17638: gcc -o conftest -g -O2   conftest.c -lm  >&5
conftest.c:61:6: warning: conflicting types for built-in function 'fmin' [-Wbuiltin-declaration-mismatch]
 char fmin ();
      ^~~~
configure:17638: $? = 0
configure:17638: result: yes
configure:17638: checking for lround
configure:17638: gcc -o conftest -g -O2   conftest.c -lm  >&5
conftest.c:62:6: warning: conflicting types for built-in function 'lround' [-Wbuiltin-declaration-mismatch]
 char lround ();
      ^~~~~~
configure:17638: $? = 0
configure:17638: result: yes
configure:17648: checking for getopt_long
configure:17648: gcc -o conftest -g -O2   conftest.c -lm  >&5
configure:17648: $? = 0
configure:17648: result: yes
configure:17703: checking return type of signal handlers
configure:17721: gcc -c -g -O2  conftest.c >&5
conftest.c: In function 'main':
conftest.c:47:10: error: void value not ignored as it ought to be
 return *(signal (0, 0)) (0) == 1;
         ~^~~~~~~~~~~~~~~~~~
configure:17721: $? = 1
configure: failed program was:
| /* confdefs.h */
| #define PACKAGE_NAME "mjpegtools"
| #define PACKAGE_TARNAME "mjpegtools"
| #define PACKAGE_VERSION "2.2.1"
| #define PACKAGE_STRING "mjpegtools 2.2.1"
| #define PACKAGE_BUGREPORT "mjpeg-developer@lists.sourceforge.net"
| #define PACKAGE_URL ""
| #define PACKAGE "mjpegtools"
| #define VERSION "2.2.1"
| #define STDC_HEADERS 1
| #define HAVE_SYS_TYPES_H 1
| #define HAVE_SYS_STAT_H 1
| #define HAVE_STDLIB_H 1
| #define HAVE_STRING_H 1
| #define HAVE_MEMORY_H 1
| #define HAVE_STRINGS_H 1
| #define HAVE_INTTYPES_H 1
| #define HAVE_STDINT_H 1
| #define HAVE_UNISTD_H 1
| #define __EXTENSIONS__ 1
| #define _ALL_SOURCE 1
| #define _GNU_SOURCE 1
| #define _POSIX_PTHREAD_SEMANTICS 1
| #define _TANDEM_SOURCE 1
| #define HAVE_DLFCN_H 1
| #define LT_OBJDIR ".libs/"
| #define HAVE_STDINT_H 1
| #define HAVE_INTTYPES_H 1
| #define HAVE_SYS_TYPES_H 1
| #define HAVE_GETOPT_H 1
| #define HAVE_MALLOC_H 1
| #define HAVE_SYS_SOUNDCARD_H 1
| #define HAVE_LIBM 1
| #define HAVE_POSIX_MEMALIGN 1
| #define HAVE_MEMALIGN 1
| #define HAVE_FMAX 1
| #define HAVE_FMIN 1
| #define HAVE_LROUND 1
| #define HAVE_GETOPT_LONG 1
| /* end confdefs.h.  */
| #include <sys/types.h>
| #include <signal.h>
| 
| int
| main ()
| {
| return *(signal (0, 0)) (0) == 1;
|   ;
|   return 0;
| }
configure:17728: result: void
configure:17737: The host is x86_64-pc-linux-gnu  x86_64  pc  linux-gnu .
configure:17767: checking linux/videodev.h usability
configure:17767: gcc -c -g -O2  conftest.c >&5
configure:17767: $? = 0
configure:17767: result: yes
configure:17767: checking linux/videodev.h presence
configure:17767: gcc -E  conftest.c
configure:17767: $? = 0
configure:17767: result: yes
configure:17767: checking for linux/videodev.h
configure:17767: result: yes
configure:17953: checking for the pthreads library -lpthreads
configure:17986: gcc -o conftest -g -O2    conftest.c -lpthreads -lm  >&5
conftest.c: In function 'main':
conftest.c:48:22: warning: null argument where non-null required (argument 1) [-Wnonnull]
                      pthread_attr_init(0); pthread_cleanup_push(0, 0);
                      ^~~~~~~~~~~~~~~~~
conftest.c:49:22: warning: null argument where non-null required (argument 1) [-Wnonnull]
                      pthread_create(0,0,0,0); pthread_cleanup_pop(0);
                      ^~~~~~~~~~~~~~
conftest.c:49:22: warning: null argument where non-null required (argument 3) [-Wnonnull]
/usr/bin/ld: cannot find -lpthreads
collect2: error: ld returned 1 exit status
configure:17986: $? = 1
configure: failed program was:
| /* confdefs.h */
| #define PACKAGE_NAME "mjpegtools"
| #define PACKAGE_TARNAME "mjpegtools"
| #define PACKAGE_VERSION "2.2.1"
| #define PACKAGE_STRING "mjpegtools 2.2.1"
| #define PACKAGE_BUGREPORT "mjpeg-developer@lists.sourceforge.net"
| #define PACKAGE_URL ""
| #define PACKAGE "mjpegtools"
| #define VERSION "2.2.1"
| #define STDC_HEADERS 1
| #define HAVE_SYS_TYPES_H 1
| #define HAVE_SYS_STAT_H 1
| #define HAVE_STDLIB_H 1
| #define HAVE_STRING_H 1
| #define HAVE_MEMORY_H 1
| #define HAVE_STRINGS_H 1
| #define HAVE_INTTYPES_H 1
| #define HAVE_STDINT_H 1
| #define HAVE_UNISTD_H 1
| #define __EXTENSIONS__ 1
| #define _ALL_SOURCE 1
| #define _GNU_SOURCE 1
| #define _POSIX_PTHREAD_SEMANTICS 1
| #define _TANDEM_SOURCE 1
| #define HAVE_DLFCN_H 1
| #define LT_OBJDIR ".libs/"
| #define HAVE_STDINT_H 1
| #define HAVE_INTTYPES_H 1
| #define HAVE_SYS_TYPES_H 1
| #define HAVE_GETOPT_H 1
| #define HAVE_MALLOC_H 1
| #define HAVE_SYS_SOUNDCARD_H 1
| #define HAVE_LIBM 1
| #define HAVE_POSIX_MEMALIGN 1
| #define HAVE_MEMALIGN 1
| #define HAVE_FMAX 1
| #define HAVE_FMIN 1
| #define HAVE_LROUND 1
| #define HAVE_GETOPT_LONG 1
| #define RETSIGTYPE void
| #define HAVE_V4L 1
| /* end confdefs.h.  */
| #include <pthread.h>
| int
| main ()
| {
| pthread_t th; pthread_join(th, 0);
|                      pthread_attr_init(0); pthread_cleanup_push(0, 0);
|                      pthread_create(0,0,0,0); pthread_cleanup_pop(0);
|   ;
|   return 0;
| }
configure:17995: result: no
configure:17898: checking whether pthreads work without any flags
configure:17986: gcc -o conftest -g -O2    conftest.c  -lm  >&5
conftest.c: In function 'main':
conftest.c:48:22: warning: null argument where non-null required (argument 1) [-Wnonnull]
                      pthread_attr_init(0); pthread_cleanup_push(0, 0);
                      ^~~~~~~~~~~~~~~~~
conftest.c:49:22: warning: null argument where non-null required (argument 1) [-Wnonnull]
                      pthread_create(0,0,0,0); pthread_cleanup_pop(0);
                      ^~~~~~~~~~~~~~
conftest.c:49:22: warning: null argument where non-null required (argument 3) [-Wnonnull]
/tmp/ccg5oe8o.o: In function `main':
/home/haiyue/research/value_prediction/mjpegtools/mjpegtools-2.2.1/conftest.c:47: undefined reference to `pthread_join'
/home/haiyue/research/value_prediction/mjpegtools/mjpegtools-2.2.1/conftest.c:48: undefined reference to `__pthread_register_cancel'
/home/haiyue/research/value_prediction/mjpegtools/mjpegtools-2.2.1/conftest.c:49: undefined reference to `pthread_create'
/home/haiyue/research/value_prediction/mjpegtools/mjpegtools-2.2.1/conftest.c:49: undefined reference to `__pthread_unregister_cancel'
collect2: error: ld returned 1 exit status
configure:17986: $? = 1
configure: failed program was:
| /* confdefs.h */
| #define PACKAGE_NAME "mjpegtools"
| #define PACKAGE_TARNAME "mjpegtools"
| #define PACKAGE_VERSION "2.2.1"
| #define PACKAGE_STRING "mjpegtools 2.2.1"
| #define PACKAGE_BUGREPORT "mjpeg-developer@lists.sourceforge.net"
| #define PACKAGE_URL ""
| #define PACKAGE "mjpegtools"
| #define VERSION "2.2.1"
| #define STDC_HEADERS 1
| #define HAVE_SYS_TYPES_H 1
| #define HAVE_SYS_STAT_H 1
| #define HAVE_STDLIB_H 1
| #define HAVE_STRING_H 1
| #define HAVE_MEMORY_H 1
| #define HAVE_STRINGS_H 1
| #define HAVE_INTTYPES_H 1
| #define HAVE_STDINT_H 1
| #define HAVE_UNISTD_H 1
| #define __EXTENSIONS__ 1
| #define _ALL_SOURCE 1
| #define _GNU_SOURCE 1
| #define _POSIX_PTHREAD_SEMANTICS 1
| #define _TANDEM_SOURCE 1
| #define HAVE_DLFCN_H 1
| #define LT_OBJDIR ".libs/"
| #define HAVE_STDINT_H 1
| #define HAVE_INTTYPES_H 1
| #define HAVE_SYS_TYPES_H 1
| #define HAVE_GETOPT_H 1
| #define HAVE_MALLOC_H 1
| #define HAVE_SYS_SOUNDCARD_H 1
| #define HAVE_LIBM 1
| #define HAVE_POSIX_MEMALIGN 1
| #define HAVE_MEMALIGN 1
| #define HAVE_FMAX 1
| #define HAVE_FMIN 1
| #define HAVE_LROUND 1
| #define HAVE_GETOPT_LONG 1
| #define RETSIGTYPE void
| #define HAVE_V4L 1
| /* end confdefs.h.  */
| #include <pthread.h>
| int
| main ()
| {
| pthread_t th; pthread_join(th, 0);
|                      pthread_attr_init(0); pthread_cleanup_push(0, 0);
|                      pthread_create(0,0,0,0); pthread_cleanup_pop(0);
|   ;
|   return 0;
| }
configure:17995: result: no
configure:17903: checking whether pthreads work with -Kthread
configure:17986: gcc -o conftest -g -O2 -Kthread   conftest.c  -lm  >&5
gcc: error: unrecognized command line option '-Kthread'; did you mean '-pthread'?
configure:17986: $? = 1
configure: failed program was:
| /* confdefs.h */
| #define PACKAGE_NAME "mjpegtools"
| #define PACKAGE_TARNAME "mjpegtools"
| #define PACKAGE_VERSION "2.2.1"
| #define PACKAGE_STRING "mjpegtools 2.2.1"
| #define PACKAGE_BUGREPORT "mjpeg-developer@lists.sourceforge.net"
| #define PACKAGE_URL ""
| #define PACKAGE "mjpegtools"
| #define VERSION "2.2.1"
| #define STDC_HEADERS 1
| #define HAVE_SYS_TYPES_H 1
| #define HAVE_SYS_STAT_H 1
| #define HAVE_STDLIB_H 1
| #define HAVE_STRING_H 1
| #define HAVE_MEMORY_H 1
| #define HAVE_STRINGS_H 1
| #define HAVE_INTTYPES_H 1
| #define HAVE_STDINT_H 1
| #define HAVE_UNISTD_H 1
| #define __EXTENSIONS__ 1
| #define _ALL_SOURCE 1
| #define _GNU_SOURCE 1
| #define _POSIX_PTHREAD_SEMANTICS 1
| #define _TANDEM_SOURCE 1
| #define HAVE_DLFCN_H 1
| #define LT_OBJDIR ".libs/"
| #define HAVE_STDINT_H 1
| #define HAVE_INTTYPES_H 1
| #define HAVE_SYS_TYPES_H 1
| #define HAVE_GETOPT_H 1
| #define HAVE_MALLOC_H 1
| #define HAVE_SYS_SOUNDCARD_H 1
| #define HAVE_LIBM 1
| #define HAVE_POSIX_MEMALIGN 1
| #define HAVE_MEMALIGN 1
| #define HAVE_FMAX 1
| #define HAVE_FMIN 1
| #define HAVE_LROUND 1
| #define HAVE_GETOPT_LONG 1
| #define RETSIGTYPE void
| #define HAVE_V4L 1
| /* end confdefs.h.  */
| #include <pthread.h>
| int
| main ()
| {
| pthread_t th; pthread_join(th, 0);
|                      pthread_attr_init(0); pthread_cleanup_push(0, 0);
|                      pthread_create(0,0,0,0); pthread_cleanup_pop(0);
|   ;
|   return 0;
| }
configure:17995: result: no
configure:17903: checking whether pthreads work with -kthread
configure:17986: gcc -o conftest -g -O2 -kthread   conftest.c  -lm  >&5
gcc: error: unrecognized command line option '-kthread'; did you mean '-pthread'?
configure:17986: $? = 1
configure: failed program was:
| /* confdefs.h */
| #define PACKAGE_NAME "mjpegtools"
| #define PACKAGE_TARNAME "mjpegtools"
| #define PACKAGE_VERSION "2.2.1"
| #define PACKAGE_STRING "mjpegtools 2.2.1"
| #define PACKAGE_BUGREPORT "mjpeg-developer@lists.sourceforge.net"
| #define PACKAGE_URL ""
| #define PACKAGE "mjpegtools"
| #define VERSION "2.2.1"
| #define STDC_HEADERS 1
| #define HAVE_SYS_TYPES_H 1
| #define HAVE_SYS_STAT_H 1
| #define HAVE_STDLIB_H 1
| #define HAVE_STRING_H 1
| #define HAVE_MEMORY_H 1
| #define HAVE_STRINGS_H 1
| #define HAVE_INTTYPES_H 1
| #define HAVE_STDINT_H 1
| #define HAVE_UNISTD_H 1
| #define __EXTENSIONS__ 1
| #define _ALL_SOURCE 1
| #define _GNU_SOURCE 1
| #define _POSIX_PTHREAD_SEMANTICS 1
| #define _TANDEM_SOURCE 1
| #define HAVE_DLFCN_H 1
| #define LT_OBJDIR ".libs/"
| #define HAVE_STDINT_H 1
| #define HAVE_INTTYPES_H 1
| #define HAVE_SYS_TYPES_H 1
| #define HAVE_GETOPT_H 1
| #define HAVE_MALLOC_H 1
| #define HAVE_SYS_SOUNDCARD_H 1
| #define HAVE_LIBM 1
| #define HAVE_POSIX_MEMALIGN 1
| #define HAVE_MEMALIGN 1
| #define HAVE_FMAX 1
| #define HAVE_FMIN 1
| #define HAVE_LROUND 1
| #define HAVE_GETOPT_LONG 1
| #define RETSIGTYPE void
| #define HAVE_V4L 1
| /* end confdefs.h.  */
| #include <pthread.h>
| int
| main ()
| {
| pthread_t th; pthread_join(th, 0);
|                      pthread_attr_init(0); pthread_cleanup_push(0, 0);
|                      pthread_create(0,0,0,0); pthread_cleanup_pop(0);
|   ;
|   return 0;
| }
configure:17995: result: no
configure:17953: checking for the pthreads library -llthread
configure:17986: gcc -o conftest -g -O2    conftest.c -llthread -lm  >&5
conftest.c: In function 'main':
conftest.c:48:22: warning: null argument where non-null required (argument 1) [-Wnonnull]
                      pthread_attr_init(0); pthread_cleanup_push(0, 0);
                      ^~~~~~~~~~~~~~~~~
conftest.c:49:22: warning: null argument where non-null required (argument 1) [-Wnonnull]
                      pthread_create(0,0,0,0); pthread_cleanup_pop(0);
                      ^~~~~~~~~~~~~~
conftest.c:49:22: warning: null argument where non-null required (argument 3) [-Wnonnull]
/usr/bin/ld: cannot find -llthread
collect2: error: ld returned 1 exit status
configure:17986: $? = 1
configure: failed program was:
| /* confdefs.h */
| #define PACKAGE_NAME "mjpegtools"
| #define PACKAGE_TARNAME "mjpegtools"
| #define PACKAGE_VERSION "2.2.1"
| #define PACKAGE_STRING "mjpegtools 2.2.1"
| #define PACKAGE_BUGREPORT "mjpeg-developer@lists.sourceforge.net"
| #define PACKAGE_URL ""
| #define PACKAGE "mjpegtools"
| #define VERSION "2.2.1"
| #define STDC_HEADERS 1
| #define HAVE_SYS_TYPES_H 1
| #define HAVE_SYS_STAT_H 1
| #define HAVE_STDLIB_H 1
| #define HAVE_STRING_H 1
| #define HAVE_MEMORY_H 1
| #define HAVE_STRINGS_H 1
| #define HAVE_INTTYPES_H 1
| #define HAVE_STDINT_H 1
| #define HAVE_UNISTD_H 1
| #define __EXTENSIONS__ 1
| #define _ALL_SOURCE 1
| #define _GNU_SOURCE 1
| #define _POSIX_PTHREAD_SEMANTICS 1
| #define _TANDEM_SOURCE 1
| #define HAVE_DLFCN_H 1
| #define LT_OBJDIR ".libs/"
| #define HAVE_STDINT_H 1
| #define HAVE_INTTYPES_H 1
| #define HAVE_SYS_TYPES_H 1
| #define HAVE_GETOPT_H 1
| #define HAVE_MALLOC_H 1
| #define HAVE_SYS_SOUNDCARD_H 1
| #define HAVE_LIBM 1
| #define HAVE_POSIX_MEMALIGN 1
| #define HAVE_MEMALIGN 1
| #define HAVE_FMAX 1
| #define HAVE_FMIN 1
| #define HAVE_LROUND 1
| #define HAVE_GETOPT_LONG 1
| #define RETSIGTYPE void
| #define HAVE_V4L 1
| /* end confdefs.h.  */
| #include <pthread.h>
| int
| main ()
| {
| pthread_t th; pthread_join(th, 0);
|                      pthread_attr_init(0); pthread_cleanup_push(0, 0);
|                      pthread_create(0,0,0,0); pthread_cleanup_pop(0);
|   ;
|   return 0;
| }
configure:17995: result: no
configure:17903: checking whether pthreads work with -pthread
configure:17986: gcc -o conftest -g -O2 -pthread   conftest.c  -lm  >&5
conftest.c: In function 'main':
conftest.c:48:22: warning: null argument where non-null required (argument 1) [-Wnonnull]
                      pthread_attr_init(0); pthread_cleanup_push(0, 0);
                      ^~~~~~~~~~~~~~~~~
conftest.c:49:22: warning: null argument where non-null required (argument 1) [-Wnonnull]
                      pthread_create(0,0,0,0); pthread_cleanup_pop(0);
                      ^~~~~~~~~~~~~~
conftest.c:49:22: warning: null argument where non-null required (argument 3) [-Wnonnull]
configure:17986: $? = 0
configure:17995: result: yes
configure:18015: checking for joinable pthread attribute
configure:18028: gcc -o conftest -g -O2 -pthread   conftest.c  -lm  >&5
configure:18028: $? = 0
configure:18060: result: PTHREAD_CREATE_JOINABLE
configure:18067: checking if more special flags are required for pthreads
configure:18074: result: no
configure:18086: checking for cc_r
configure:18114: result: gcc
configure:18153: checking for pthread_attr_getstacksize
configure:18153: gcc -o conftest -g -O2 -pthread   conftest.c -lm   >&5
configure:18153: $? = 0
configure:18153: result: yes
configure:18162: checking for jpeg_start_compress in -ljpeg
configure:18187: gcc -o conftest -g -O2 -pthread   conftest.c -ljpeg  -lm  >&5
configure:18187: $? = 0
configure:18196: result: yes
configure:18266: checking for pkg-config
configure:18284: found /usr/bin/pkg-config
configure:18296: result: /usr/bin/pkg-config
configure:18321: checking pkg-config is at least version 0.9.0
configure:18324: result: yes
configure:18337: checking for libquicktime > 0.9.7
configure:18344: $PKG_CONFIG --exists --print-errors "libquicktime > 0.9.7"
Package libquicktime was not found in the pkg-config search path.
Perhaps you should add the directory containing `libquicktime.pc'
to the PKG_CONFIG_PATH environment variable
No package 'libquicktime' found
configure:18347: $? = 1
configure:18361: $PKG_CONFIG --exists --print-errors "libquicktime > 0.9.7"
Package libquicktime was not found in the pkg-config search path.
Perhaps you should add the directory containing `libquicktime.pc'
to the PKG_CONFIG_PATH environment variable
No package 'libquicktime' found
configure:18364: $? = 1
configure:18378: result: no
No package 'libquicktime' found
configure:18423: checking for libpng
configure:18430: $PKG_CONFIG --exists --print-errors "libpng"
configure:18433: $? = 0
configure:18447: $PKG_CONFIG --exists --print-errors "libpng"
configure:18450: $? = 0
configure:18488: result: yes
configure:18506: checking for libdv >= 0.9
configure:18513: $PKG_CONFIG --exists --print-errors "libdv >= 0.9"
Package libdv was not found in the pkg-config search path.
Perhaps you should add the directory containing `libdv.pc'
to the PKG_CONFIG_PATH environment variable
No package 'libdv' found
configure:18516: $? = 1
configure:18530: $PKG_CONFIG --exists --print-errors "libdv >= 0.9"
Package libdv was not found in the pkg-config search path.
Perhaps you should add the directory containing `libdv.pc'
to the PKG_CONFIG_PATH environment variable
No package 'libdv' found
configure:18533: $? = 1
configure:18547: result: no
No package 'libdv' found
configure:18580: checking for X
configure:18688: gcc -E  conftest.c
configure:18688: $? = 0
configure:18719: gcc -o conftest -g -O2 -pthread   conftest.c -lX11 -lm  >&5
configure:18719: $? = 0
configure:18769: result: libraries , headers 
configure:18868: gcc -o conftest -g -O2 -pthread   conftest.c -lm   -lX11 >&5
configure:18868: $? = 0
configure:18966: checking for gethostbyname
configure:18966: gcc -o conftest -g -O2 -pthread   conftest.c -lm  >&5
configure:18966: $? = 0
configure:18966: result: yes
configure:19063: checking for connect
configure:19063: gcc -o conftest -g -O2 -pthread   conftest.c -lm  >&5
configure:19063: $? = 0
configure:19063: result: yes
configure:19112: checking for remove
configure:19112: gcc -o conftest -g -O2 -pthread   conftest.c -lm  >&5
configure:19112: $? = 0
configure:19112: result: yes
configure:19161: checking for shmat
configure:19161: gcc -o conftest -g -O2 -pthread   conftest.c -lm  >&5
configure:19161: $? = 0
configure:19161: result: yes
configure:19219: checking for IceConnectionNumber in -lICE
configure:19244: gcc -o conftest -g -O2 -pthread   conftest.c -lICE  -lm  >&5
configure:19244: $? = 0
configure:19253: result: yes
configure:19264: checking for __progname
configure:19281: gcc -o conftest -g -O2 -pthread   conftest.c -lm  >&5
conftest.c: In function 'main':
conftest.c:50:51: warning: implicit declaration of function 'puts' [-Wimplicit-function-declaration]
                                                   puts(__progname);
                                                   ^~~~
configure:19281: $? = 0
configure:19289: result: yes
configure:19301: checking for gtk+-2.0 >= 2.4.0
configure:19308: $PKG_CONFIG --exists --print-errors "gtk+-2.0 >= 2.4.0"
configure:19311: $? = 0
configure:19325: $PKG_CONFIG --exists --print-errors "gtk+-2.0 >= 2.4.0"
configure:19328: $? = 0
configure:19366: result: yes
configure:19384: checking for sdl > 1.1.3
configure:19391: $PKG_CONFIG --exists --print-errors "sdl > 1.1.3"
Package sdl was not found in the pkg-config search path.
Perhaps you should add the directory containing `sdl.pc'
to the PKG_CONFIG_PATH environment variable
No package 'sdl' found
configure:19394: $? = 1
configure:19408: $PKG_CONFIG --exists --print-errors "sdl > 1.1.3"
Package sdl was not found in the pkg-config search path.
Perhaps you should add the directory containing `sdl.pc'
to the PKG_CONFIG_PATH environment variable
No package 'sdl' found
configure:19411: $? = 1
configure:19425: result: no
No package 'sdl' found
configure:19535: checking Architecture
configure:19547: result: x86_64
configure:19573: checking if C compiler accepts inline MMX assembly
configure:19586: gcc -c -g -O2 -pthread  conftest.c >&5
configure:19586: $? = 0
configure:19593: result: yes
configure:19668: checking whether realpath(path, NULL) allocates memory for result
configure:19692: gcc -o conftest -g -O2 -pthread   conftest.c -lm  >&5
configure:19692: $? = 0
configure:19700: result: yes
configure:19772: checking what warning flags to pass to the C compiler
configure:19792: result: -Wall -Wunused
configure:19794: result: 
configure:19934: checking that generated files are newer than configure
configure:19940: result: done
configure:20024: creating ./config.status

## ---------------------- ##
## Running config.status. ##
## ---------------------- ##

This file was extended by mjpegtools config.status 2.2.1, which was
generated by GNU Autoconf 2.69.  Invocation command line was

  CONFIG_FILES    = 
  CONFIG_HEADERS  = 
  CONFIG_LINKS    = 
  CONFIG_COMMANDS = 
  $ ./config.status 

on haiyue-MS-7B98

config.status:1261: creating Makefile
config.status:1261: creating docs/Makefile
config.status:1261: creating lavtools/Makefile
config.status:1261: creating yuvcorrect/Makefile
config.status:1261: creating yuvdenoise/Makefile
config.status:1261: creating yuvdeinterlace/Makefile
config.status:1261: creating yuvscaler/Makefile
config.status:1261: creating y4munsharp/Makefile
config.status:1261: creating y4mutils/Makefile
config.status:1261: creating yuvfilters/Makefile
config.status:1261: creating mpeg2enc/Makefile
config.status:1261: creating aenc/Makefile
config.status:1261: creating mplex/Makefile
config.status:1261: creating scripts/Makefile
config.status:1261: creating utils/Makefile
config.status:1261: creating utils/altivec/Makefile
config.status:1261: creating utils/mmxsse/Makefile
config.status:1261: creating y4mdenoise/Makefile
config.status:1261: creating y4mscaler/Makefile
config.status:1261: creating mjpegtools.pc
config.status:1261: creating mjpegtools.spec
config.status:1261: creating config.h
config.status:1490: executing depfiles commands
config.status:1490: executing libtool commands
configure:22452: 
configure:22454:  MJPEG tools 2.2.1 build configuration :
configure:22456: 
configure:22459:   - X86 Optimizations:
configure:22461:     - MMX/3DNow!/SSE enabled      : true
configure:22474:   - video4linux recording/playback: true
configure:22476:   - software MJPEG playback       : false
configure:22478:   - Quicktime playback/recording  : false
configure:22480:   - PNG input support             : true
configure:22482:   - AVI MJPEG playback/recording  : true (always)
configure:22484:   - libDV (digital video) support : false 
configure:22486:   - Gtk+ support for glav         : true
configure:22488: 

## ---------------- ##
## Cache variables. ##
## ---------------- ##

ac_cv_build=x86_64-pc-linux-gnu
ac_cv_c_bigendian=no
ac_cv_c_compiler_gnu=yes
ac_cv_c_const=yes
ac_cv_c_inline=inline
ac_cv_cxx_compiler_gnu=yes
ac_cv_env_CCASFLAGS_set=
ac_cv_env_CCASFLAGS_value=
ac_cv_env_CCAS_set=
ac_cv_env_CCAS_value=
ac_cv_env_CCC_set=
ac_cv_env_CCC_value=
ac_cv_env_CC_set=
ac_cv_env_CC_value=
ac_cv_env_CFLAGS_set=
ac_cv_env_CFLAGS_value=
ac_cv_env_CPPFLAGS_set=
ac_cv_env_CPPFLAGS_value=
ac_cv_env_CPP_set=
ac_cv_env_CPP_value=
ac_cv_env_CXXCPP_set=
ac_cv_env_CXXCPP_value=
ac_cv_env_CXXFLAGS_set=
ac_cv_env_CXXFLAGS_value=
ac_cv_env_CXX_set=
ac_cv_env_CXX_value=
ac_cv_env_GTK_CFLAGS_set=
ac_cv_env_GTK_CFLAGS_value=
ac_cv_env_GTK_LIBS_set=
ac_cv_env_GTK_LIBS_value=
ac_cv_env_LDFLAGS_set=
ac_cv_env_LDFLAGS_value=
ac_cv_env_LIBDV_CFLAGS_set=
ac_cv_env_LIBDV_CFLAGS_value=
ac_cv_env_LIBDV_LIBS_set=
ac_cv_env_LIBDV_LIBS_value=
ac_cv_env_LIBPNG_CFLAGS_set=
ac_cv_env_LIBPNG_CFLAGS_value=
ac_cv_env_LIBPNG_LIBS_set=
ac_cv_env_LIBPNG_LIBS_value=
ac_cv_env_LIBQUICKTIME_CFLAGS_set=
ac_cv_env_LIBQUICKTIME_CFLAGS_value=
ac_cv_env_LIBQUICKTIME_LIBS_set=
ac_cv_env_LIBQUICKTIME_LIBS_value=
ac_cv_env_LIBS_set=
ac_cv_env_LIBS_value=
ac_cv_env_LT_SYS_LIBRARY_PATH_set=
ac_cv_env_LT_SYS_LIBRARY_PATH_value=
ac_cv_env_PKG_CONFIG_LIBDIR_set=
ac_cv_env_PKG_CONFIG_LIBDIR_value=
ac_cv_env_PKG_CONFIG_PATH_set=set
ac_cv_env_PKG_CONFIG_PATH_value=/opt/intel/oneapi/vtune/2022.3.0/include/pkgconfig/lib64:
ac_cv_env_PKG_CONFIG_set=
ac_cv_env_PKG_CONFIG_value=
ac_cv_env_SDL_CFLAGS_set=
ac_cv_env_SDL_CFLAGS_value=
ac_cv_env_SDL_LIBS_set=
ac_cv_env_SDL_LIBS_value=
ac_cv_env_XMKMF_set=
ac_cv_env_XMKMF_value=
ac_cv_env_build_alias_set=
ac_cv_env_build_alias_value=
ac_cv_env_host_alias_set=
ac_cv_env_host_alias_value=
ac_cv_env_target_alias_set=
ac_cv_env_target_alias_value=
ac_cv_func_connect=yes
ac_cv_func_fmax=yes
ac_cv_func_fmin=yes
ac_cv_func_gethostbyname=yes
ac_cv_func_getopt_long=yes
ac_cv_func_lround=yes
ac_cv_func_memalign=yes
ac_cv_func_posix_memalign=yes
ac_cv_func_pthread_attr_getstacksize=yes
ac_cv_func_remove=yes
ac_cv_func_shmat=yes
ac_cv_have_x='have_x=yes	ac_x_includes='\'''\''	ac_x_libraries='\'''\'''
ac_cv_header_dlfcn_h=yes
ac_cv_header_getopt_h=yes
ac_cv_header_inttypes_h=yes
ac_cv_header_linux_videodev_h=yes
ac_cv_header_malloc_h=yes
ac_cv_header_memory_h=yes
ac_cv_header_minix_config_h=no
ac_cv_header_stdc=yes
ac_cv_header_stdint_h=yes
ac_cv_header_stdlib_h=yes
ac_cv_header_string_h=yes
ac_cv_header_strings_h=yes
ac_cv_header_sys_soundcard_h=yes
ac_cv_header_sys_stat_h=yes
ac_cv_header_sys_types_h=yes
ac_cv_header_unistd_h=yes
ac_cv_host=x86_64-pc-linux-gnu
ac_cv_lib_ICE_IceConnectionNumber=yes
ac_cv_lib_jpeg_jpeg_start_compress=yes
ac_cv_lib_m_sin=yes
ac_cv_objext=o
ac_cv_path_EGREP='/bin/grep -E'
ac_cv_path_FGREP='/bin/grep -F'
ac_cv_path_GREP=/bin/grep
ac_cv_path_SED=/bin/sed
ac_cv_path_ac_pt_PKG_CONFIG=/usr/bin/pkg-config
ac_cv_path_install='/usr/bin/install -c'
ac_cv_path_lt_DD=/bin/dd
ac_cv_path_mkdir=/bin/mkdir
ac_cv_prog_AWK=gawk
ac_cv_prog_CPP='gcc -E'
ac_cv_prog_CXXCPP='g++ -E'
ac_cv_prog_PTHREAD_CC=gcc
ac_cv_prog_ac_ct_AR=ar
ac_cv_prog_ac_ct_CC=gcc
ac_cv_prog_ac_ct_CXX=g++
ac_cv_prog_ac_ct_MANIFEST_TOOL=mt
ac_cv_prog_ac_ct_OBJDUMP=objdump
ac_cv_prog_ac_ct_RANLIB=ranlib
ac_cv_prog_ac_ct_STRIP=strip
ac_cv_prog_cc_c89=
ac_cv_prog_cc_g=yes
ac_cv_prog_cxx_g=yes
ac_cv_prog_make_make_set=yes
ac_cv_safe_to_define___extensions__=yes
ac_cv_sys_file_offset_bits=no
ac_cv_sys_largefile_CC=no
ac_cv_type_signal=void
am_cv_CCAS_dependencies_compiler_type=gcc3
am_cv_CC_dependencies_compiler_type=gcc3
am_cv_CXX_dependencies_compiler_type=gcc3
am_cv_make_support_nested_variables=yes
am_cv_prog_cc_c_o=yes
have_cv_realpath_null=yes
lt_cv_ar_at_file=@
lt_cv_archive_cmds_need_lc=no
lt_cv_deplibs_check_method=pass_all
lt_cv_file_magic_cmd='$MAGIC_CMD'
lt_cv_file_magic_test_file=
lt_cv_ld_reload_flag=-r
lt_cv_nm_interface='BSD nm'
lt_cv_objdir=.libs
lt_cv_path_LD=/usr/bin/ld
lt_cv_path_LDCXX='/usr/bin/ld -m elf_x86_64'
lt_cv_path_NM='/usr/bin/nm -B'
lt_cv_path_mainfest_tool=no
lt_cv_prog_compiler_c_o=yes
lt_cv_prog_compiler_c_o_CXX=yes
lt_cv_prog_compiler_pic='-fPIC -DPIC'
lt_cv_prog_compiler_pic_CXX='-fPIC -DPIC'
lt_cv_prog_compiler_pic_works=yes
lt_cv_prog_compiler_pic_works_CXX=yes
lt_cv_prog_compiler_rtti_exceptions=no
lt_cv_prog_compiler_static_works=yes
lt_cv_prog_compiler_static_works_CXX=yes
lt_cv_prog_gnu_ld=yes
lt_cv_prog_gnu_ldcxx=yes
lt_cv_sharedlib_from_linklib_cmd='printf %s\n'
lt_cv_shlibpath_overrides_runpath=yes
lt_cv_sys_global_symbol_pipe='sed -n -e '\''s/^.*[	 ]\([ABCDGIRSTW][ABCDGIRSTW]*\)[	 ][	 ]*\([_A-Za-z][_A-Za-z0-9]*\)$/\1 \2 \2/p'\'' | sed '\''/ __gnu_lto/d'\'''
lt_cv_sys_global_symbol_to_c_name_address='sed -n -e '\''s/^: \(.*\) .*$/  {"\1", (void *) 0},/p'\'' -e '\''s/^[ABCDGIRSTW][ABCDGIRSTW]* .* \(.*\)$/  {"\1", (void *) \&\1},/p'\'''
lt_cv_sys_global_symbol_to_c_name_address_lib_prefix='sed -n -e '\''s/^: \(.*\) .*$/  {"\1", (void *) 0},/p'\'' -e '\''s/^[ABCDGIRSTW][ABCDGIRSTW]* .* \(lib.*\)$/  {"\1", (void *) \&\1},/p'\'' -e '\''s/^[ABCDGIRSTW][ABCDGIRSTW]* .* \(.*\)$/  {"lib\1", (void *) \&\1},/p'\'''
lt_cv_sys_global_symbol_to_cdecl='sed -n -e '\''s/^T .* \(.*\)$/extern int \1();/p'\'' -e '\''s/^[ABCDGIRSTW][ABCDGIRSTW]* .* \(.*\)$/extern char \1;/p'\'''
lt_cv_sys_global_symbol_to_import=
lt_cv_sys_max_cmd_len=1572864
lt_cv_to_host_file_cmd=func_convert_file_noop
lt_cv_to_tool_file_cmd=func_convert_file_noop
lt_cv_truncate_bin='/bin/dd bs=4096 count=1'
mjt_cv_extern___progname=yes
pkg_cv_GTK_CFLAGS='-pthread -I/usr/include/gtk-2.0 -I/usr/lib/x86_64-linux-gnu/gtk-2.0/include -I/usr/include/gio-unix-2.0/ -I/usr/include/cairo -I/usr/include/pango-1.0 -I/usr/include/atk-1.0 -I/usr/include/cairo -I/usr/include/pixman-1 -I/usr/include/gdk-pixbuf-2.0 -I/usr/include/libpng16 -I/usr/include/pango-1.0 -I/usr/include/harfbuzz -I/usr/include/pango-1.0 -I/usr/include/glib-2.0 -I/usr/lib/x86_64-linux-gnu/glib-2.0/include -I/usr/include/freetype2 -I/usr/include/libpng16 -I/usr/include/freetype2 -I/usr/include/libpng16'
pkg_cv_GTK_LIBS='-lgtk-x11-2.0 -lgdk-x11-2.0 -lpangocairo-1.0 -latk-1.0 -lcairo -lgdk_pixbuf-2.0 -lgio-2.0 -lpangoft2-1.0 -lpango-1.0 -lgobject-2.0 -lglib-2.0 -lfontconfig -lfreetype'
pkg_cv_LIBPNG_CFLAGS=-I/usr/include/libpng16
pkg_cv_LIBPNG_LIBS='-lpng16 -lz'

## ----------------- ##
## Output variables. ##
## ----------------- ##

ACLOCAL='${SHELL} /home/haiyue/research/value_prediction/mjpegtools/mjpegtools-2.2.1/missing aclocal-1.15'
ALTIVEC_EXTRA_LIBS=''
AMDEPBACKSLASH='\'
AMDEP_FALSE='#'
AMDEP_TRUE=''
AMTAR='$${TAR-tar}'
AM_BACKSLASH='\'
AM_DEFAULT_V='$(AM_DEFAULT_VERBOSITY)'
AM_DEFAULT_VERBOSITY='1'
AM_V='$(V)'
AR='ar'
AUTOCONF='${SHELL} /home/haiyue/research/value_prediction/mjpegtools/mjpegtools-2.2.1/missing autoconf'
AUTOHEADER='${SHELL} /home/haiyue/research/value_prediction/mjpegtools/mjpegtools-2.2.1/missing autoheader'
AUTOMAKE='${SHELL} /home/haiyue/research/value_prediction/mjpegtools/mjpegtools-2.2.1/missing automake-1.15'
AWK='gawk'
CC='gcc'
CCAS='gcc'
CCASDEPMODE='depmode=gcc3'
CCASFLAGS='-g -O2'
CCDEPMODE='depmode=gcc3'
CFLAGS='-g -O2 -pthread -Wall -Wunused'
CPP='gcc -E'
CPPFLAGS=''
CXX='g++'
CXXCPP='g++ -E'
CXXDEPMODE='depmode=gcc3'
CXXFLAGS='-g -O2 -pthread '
CYGPATH_W='echo'
DEFS='-DHAVE_CONFIG_H'
DEPDIR='.deps'
DLLTOOL='false'
DSYMUTIL=''
DUMPBIN=''
ECHO_C=''
ECHO_N='-n'
ECHO_T=''
EGREP='/bin/grep -E'
EXEEXT=''
EXTRA_LDFLAGS=''
FGREP='/bin/grep -F'
GREP='/bin/grep'
GTK_CFLAGS='-pthread -I/usr/include/gtk-2.0 -I/usr/lib/x86_64-linux-gnu/gtk-2.0/include -I/usr/include/gio-unix-2.0/ -I/usr/include/cairo -I/usr/include/pango-1.0 -I/usr/include/atk-1.0 -I/usr/include/cairo -I/usr/include/pixman-1 -I/usr/include/gdk-pixbuf-2.0 -I/usr/include/libpng16 -I/usr/include/pango-1.0 -I/usr/include/harfbuzz -I/usr/include/pango-1.0 -I/usr/include/glib-2.0 -I/usr/lib/x86_64-linux-gnu/glib-2.0/include -I/usr/include/freetype2 -I/usr/include/libpng16 -I/usr/include/freetype2 -I/usr/include/libpng16'
GTK_LIBS='-lgtk-x11-2.0 -lgdk-x11-2.0 -lpangocairo-1.0 -latk-1.0 -lcairo -lgdk_pixbuf-2.0 -lgio-2.0 -lpangoft2-1.0 -lpango-1.0 -lgobject-2.0 -lglib-2.0 -lfontconfig -lfreetype'
HAVE_ALTIVEC_FALSE=''
HAVE_ALTIVEC_TRUE='#'
HAVE_ASM_MMX_FALSE='#'
HAVE_ASM_MMX_TRUE=''
HAVE_GTK_FALSE='#'
HAVE_GTK_TRUE=''
HAVE_LIBPNG_FALSE='#'
HAVE_LIBPNG_TRUE=''
HAVE_LIBQUICKTIME_FALSE=''
HAVE_LIBQUICKTIME_TRUE='#'
HAVE_PPCCPU_FALSE=''
HAVE_PPCCPU_TRUE='#'
HAVE_SDL_FALSE=''
HAVE_SDL_TRUE='#'
HAVE_SDLgfx_FALSE=''
HAVE_SDLgfx_TRUE='#'
HAVE_V4L_FALSE='#'
HAVE_V4L_OR_SDL_FALSE='#'
HAVE_V4L_OR_SDL_TRUE=''
HAVE_V4L_TRUE=''
HAVE_X86CPU_FALSE='#'
HAVE_X86CPU_TRUE=''
INSTALL_DATA='${INSTALL} -m 644'
INSTALL_PROGRAM='${INSTALL}'
INSTALL_SCRIPT='${INSTALL}'
INSTALL_STRIP_PROGRAM='$(install_sh) -c -s'
JPEG_CFLAGS=''
JPEG_LIBS='-ljpeg'
LD='/usr/bin/ld -m elf_x86_64'
LDFLAGS=''
LIBDV_CFLAGS=''
LIBDV_LIBS=''
LIBGETOPT_LIB=''
LIBM_LIBS='-lm '
LIBOBJS=''
LIBPNG_CFLAGS='-I/usr/include/libpng16'
LIBPNG_LIBS='-lpng16 -lz'
LIBQUICKTIME_CFLAGS=''
LIBQUICKTIME_LIBS=''
LIBS='-lm '
LIBTOOL='$(SHELL) $(top_builddir)/libtool'
LIPO=''
LN_S='ln -s'
LTLIBOBJS=''
LT_AGE='0'
LT_CURRENT='0'
LT_RELEASE='2.2'
LT_REVISION='0'
LT_STATIC=''
LT_SYS_LIBRARY_PATH=''
MAINT='#'
MAINTAINER_MODE_FALSE=''
MAINTAINER_MODE_TRUE='#'
MAKEINFO='${SHELL} /home/haiyue/research/value_prediction/mjpegtools/mjpegtools-2.2.1/missing makeinfo'
MANIFEST_TOOL=':'
MKDIR_P='/bin/mkdir -p'
NM='/usr/bin/nm -B'
NMEDIT=''
OBJDUMP='objdump'
OBJEXT='o'
OTOOL64=''
OTOOL=''
PACKAGE='mjpegtools'
PACKAGE_BUGREPORT='mjpeg-developer@lists.sourceforge.net'
PACKAGE_NAME='mjpegtools'
PACKAGE_STRING='mjpegtools 2.2.1'
PACKAGE_TARNAME='mjpegtools'
PACKAGE_URL=''
PACKAGE_VERSION='2.2.1'
PATH_SEPARATOR=':'
PKG_CONFIG='/usr/bin/pkg-config'
PKG_CONFIG_LIBDIR=''
PKG_CONFIG_PATH='/opt/intel/oneapi/vtune/2022.3.0/include/pkgconfig/lib64:'
PTHREAD_CC='gcc'
PTHREAD_CFLAGS='-pthread'
PTHREAD_LIBS=''
RANLIB='ranlib'
SDL_CFLAGS=''
SDL_LIBS=''
SDLgfx_LIBS=''
SED='/bin/sed'
SET_MAKE=''
SHELL='/bin/bash'
STRIP='strip'
VERSION='2.2.1'
XMKMF=''
X_CFLAGS=''
X_EXTRA_LIBS=''
X_LIBS=''
X_PRE_LIBS=' -lSM -lICE'
ac_ct_AR='ar'
ac_ct_CC='gcc'
ac_ct_CXX='g++'
ac_ct_DUMPBIN=''
acx_pthread_config=''
am__EXEEXT_FALSE=''
am__EXEEXT_TRUE='#'
am__fastdepCCAS_FALSE='#'
am__fastdepCCAS_TRUE=''
am__fastdepCC_FALSE='#'
am__fastdepCC_TRUE=''
am__fastdepCXX_FALSE='#'
am__fastdepCXX_TRUE=''
am__include='include'
am__isrc=''
am__leading_dot='.'
am__nodep='_no'
am__quote=''
am__tar='$${TAR-tar} chof - "$$tardir"'
am__untar='$${TAR-tar} xf -'
bindir='${exec_prefix}/bin'
build='x86_64-pc-linux-gnu'
build_alias=''
build_cpu='x86_64'
build_os='linux-gnu'
build_vendor='pc'
datadir='${datarootdir}'
datarootdir='${prefix}/share'
docdir='${datarootdir}/doc/${PACKAGE_TARNAME}'
dvidir='${docdir}'
exec_prefix='${prefix}'
host='x86_64-pc-linux-gnu'
host_alias=''
host_cpu='x86_64'
host_os='linux-gnu'
host_vendor='pc'
htmldir='${docdir}'
includedir='${prefix}/include'
infodir='${datarootdir}/info'
install_sh='${SHELL} /home/haiyue/research/value_prediction/mjpegtools/mjpegtools-2.2.1/install-sh'
libdir='${exec_prefix}/lib'
libexecdir='${exec_prefix}/libexec'
localedir='${datarootdir}/locale'
localstatedir='${prefix}/var'
mandir='${datarootdir}/man'
mkdir_p='$(MKDIR_P)'
oldincludedir='/usr/include'
pdfdir='${docdir}'
prefix='/usr/local'
program_transform_name='s,x,x,'
psdir='${docdir}'
sbindir='${exec_prefix}/sbin'
sharedstatedir='${prefix}/com'
sysconfdir='${prefix}/etc'
target_alias=''

## ----------- ##
## confdefs.h. ##
## ----------- ##

/* confdefs.h */
#define PACKAGE_NAME "mjpegtools"
#define PACKAGE_TARNAME "mjpegtools"
#define PACKAGE_VERSION "2.2.1"
#define PACKAGE_STRING "mjpegtools 2.2.1"
#define PACKAGE_BUGREPORT "mjpeg-developer@lists.sourceforge.net"
#define PACKAGE_URL ""
#define PACKAGE "mjpegtools"
#define VERSION "2.2.1"
#define STDC_HEADERS 1
#define HAVE_SYS_TYPES_H 1
#define HAVE_SYS_STAT_H 1
#define HAVE_STDLIB_H 1
#define HAVE_STRING_H 1
#define HAVE_MEMORY_H 1
#define HAVE_STRINGS_H 1
#define HAVE_INTTYPES_H 1
#define HAVE_STDINT_H 1
#define HAVE_UNISTD_H 1
#define __EXTENSIONS__ 1
#define _ALL_SOURCE 1
#define _GNU_SOURCE 1
#define _POSIX_PTHREAD_SEMANTICS 1
#define _TANDEM_SOURCE 1
#define HAVE_DLFCN_H 1
#define LT_OBJDIR ".libs/"
#define HAVE_STDINT_H 1
#define HAVE_INTTYPES_H 1
#define HAVE_SYS_TYPES_H 1
#define HAVE_GETOPT_H 1
#define HAVE_MALLOC_H 1
#define HAVE_SYS_SOUNDCARD_H 1
#define HAVE_LIBM 1
#define HAVE_POSIX_MEMALIGN 1
#define HAVE_MEMALIGN 1
#define HAVE_FMAX 1
#define HAVE_FMIN 1
#define HAVE_LROUND 1
#define HAVE_GETOPT_LONG 1
#define RETSIGTYPE void
#define HAVE_V4L 1
#define HAVE_PTHREAD 1
#define HAVE_PTHREADSTACKSIZE 1
#define HAVE___PROGNAME 1
#define HAVE_X86CPU 1
#define HAVE_ASM_MMX 1
#define HAVE_REALPATH_NULL 1
#define MJPEGTOOLS 1

configure: exit 0
